#
# There is insufficient memory for the Java Runtime Environment to continue.
# Native memory allocation (mmap) failed to map 96468992 bytes for G1 virtual space
# Possible reasons:
#   The system is out of physical RAM or swap space
#   The process is running with CompressedOops enabled, and the Java Heap may be blocking the growth of the native heap
# Possible solutions:
#   Reduce memory load on the system
#   Increase physical memory or swap space
#   Check if swap backing store is full
#   Decrease Java heap size (-Xmx/-Xms)
#   Decrease number of Java threads
#   Decrease Java thread stack sizes (-Xss)
#   Set larger code cache with -XX:ReservedCodeCacheSize=
#   JVM is running with Zero Based Compressed Oops mode in which the Java heap is
#     placed in the first 32GB address space. The Java Heap base address is the
#     maximum limit for the native heap growth. Please use -XX:HeapBaseMinAddress
#     to set the Java Heap base and to place the Java Heap above 32GB virtual address.
# This output file may be truncated or incomplete.
#
#  Out of Memory Error (os_windows.cpp:3613), pid=29504, tid=21236
#
# JRE version: OpenJDK Runtime Environment Corretto-17.0.9.8.1 (17.0.9+8) (build 17.0.9+8-LTS)
# Java VM: OpenJDK 64-Bit Server VM Corretto-17.0.9.8.1 (17.0.9+8-LTS, mixed mode, emulated-client, sharing, tiered, compressed oops, compressed class ptrs, g1 gc, windows-amd64)
# No core dump will be written. Minidumps are not enabled by default on client versions of Windows
#

---------------  S U M M A R Y ------------

Command Line: -XX:TieredStopAtLevel=1 -Dspring.output.ansi.enabled=always -Dcom.sun.management.jmxremote -Dspring.jmx.enabled=true -Dspring.liveBeansView.mbeanDomain -Dspring.application.admin.enabled=true -Dmanagement.endpoints.jmx.exposure.include=* -javaagent:C:\Program Files\JetBrains\IntelliJ IDEA 2023.3.3\lib\idea_rt.jar=5322:C:\Program Files\JetBrains\IntelliJ IDEA 2023.3.3\bin -Dfile.encoding=UTF-8 com.example.cpumonitoring.CpumonitoringApplication

Host: Intel(R) Core(TM) i7-6700 CPU @ 3.40GHz, 8 cores, 15G,  Windows 11 , 64 bit Build 22000 (10.0.22000.2538)
Time: Sat May 25 20:41:42 2024  Windows 11 , 64 bit Build 22000 (10.0.22000.2538) elapsed time: 12.858787 seconds (0d 0h 0m 12s)

---------------  T H R E A D  ---------------

Current thread (0x000002d87f5824a0):  VMThread "VM Thread" [stack: 0x000000fda0900000,0x000000fda0a00000] [id=21236]

Stack: [0x000000fda0900000,0x000000fda0a00000]
Native frames: (J=compiled Java code, j=interpreted, Vv=VM code, C=native code)
V  [jvm.dll+0x67cb49]
V  [jvm.dll+0x8344da]
V  [jvm.dll+0x835f9e]
V  [jvm.dll+0x836603]
V  [jvm.dll+0x247b5f]
V  [jvm.dll+0x679969]
V  [jvm.dll+0x66e2ba]
V  [jvm.dll+0x307a5b]
V  [jvm.dll+0x30ef06]
V  [jvm.dll+0x35ecee]
V  [jvm.dll+0x35ef1f]
V  [jvm.dll+0x2de658]
V  [jvm.dll+0x2dc834]
V  [jvm.dll+0x2dbe3c]
V  [jvm.dll+0x31fedb]
V  [jvm.dll+0x83aafb]
V  [jvm.dll+0x83b841]
V  [jvm.dll+0x83bd5d]
V  [jvm.dll+0x83c134]
V  [jvm.dll+0x83c200]
V  [jvm.dll+0x7e396a]
V  [jvm.dll+0x67ba35]
C  [ucrtbase.dll+0x26c0c]
C  [KERNEL32.DLL+0x153e0]
C  [ntdll.dll+0x485b]

VM_Operation (0x000000fda03fe180): G1CollectForAllocation, mode: safepoint, requested by thread 0x000002d870653c10


---------------  P R O C E S S  ---------------

Threads class SMR info:
_java_thread_list=0x000002d84f2f8550, length=30, elements={
0x000002d870653c10, 0x000002d87f5870b0, 0x000002d87f587f30, 0x000002d84d0b55f0,
0x000002d84d0b6270, 0x000002d84d0bbc60, 0x000002d84d0c0b30, 0x000002d84d0e15b0,
0x000002d84d0ebfd0, 0x000002d84d14c430, 0x000002d84d656aa0, 0x000002d84d656f80,
0x000002d84d7a52e0, 0x000002d84e2dd8f0, 0x000002d84e2c87e0, 0x000002d84f05c010,
0x000002d84f0441b0, 0x000002d84ef70fb0, 0x000002d84ef70080, 0x000002d84ef73830,
0x000002d84ef72e10, 0x000002d84ef70590, 0x000002d84ef73320, 0x000002d84ef70aa0,
0x000002d84ef71ee0, 0x000002d84ef714c0, 0x000002d84ef719d0, 0x000002d84ef723f0,
0x000002d84ef72900, 0x000002d84e5a6750
}

Java Threads: ( => current thread )
  0x000002d870653c10 JavaThread "main" [_thread_blocked, id=40152, stack(0x000000fda0300000,0x000000fda0400000)]
  0x000002d87f5870b0 JavaThread "Reference Handler" daemon [_thread_blocked, id=13156, stack(0x000000fda0a00000,0x000000fda0b00000)]
  0x000002d87f587f30 JavaThread "Finalizer" daemon [_thread_blocked, id=40632, stack(0x000000fda0b00000,0x000000fda0c00000)]
  0x000002d84d0b55f0 JavaThread "Signal Dispatcher" daemon [_thread_blocked, id=1032, stack(0x000000fda0c00000,0x000000fda0d00000)]
  0x000002d84d0b6270 JavaThread "Attach Listener" daemon [_thread_blocked, id=18112, stack(0x000000fda0d00000,0x000000fda0e00000)]
  0x000002d84d0bbc60 JavaThread "Service Thread" daemon [_thread_blocked, id=17160, stack(0x000000fda0e00000,0x000000fda0f00000)]
  0x000002d84d0c0b30 JavaThread "Monitor Deflation Thread" daemon [_thread_blocked, id=24000, stack(0x000000fda0f00000,0x000000fda1000000)]
  0x000002d84d0e15b0 JavaThread "C1 CompilerThread0" daemon [_thread_blocked, id=36856, stack(0x000000fda1000000,0x000000fda1100000)]
  0x000002d84d0ebfd0 JavaThread "Sweeper thread" daemon [_thread_blocked, id=11108, stack(0x000000fda1100000,0x000000fda1200000)]
  0x000002d84d14c430 JavaThread "Common-Cleaner" daemon [_thread_blocked, id=24032, stack(0x000000fda1200000,0x000000fda1300000)]
  0x000002d84d656aa0 JavaThread "Monitor Ctrl-Break" daemon [_thread_in_native, id=3728, stack(0x000000fda1500000,0x000000fda1600000)]
  0x000002d84d656f80 JavaThread "Notification Thread" daemon [_thread_blocked, id=9552, stack(0x000000fda1600000,0x000000fda1700000)]
  0x000002d84d7a52e0 JavaThread "RMI TCP Accept-0" daemon [_thread_in_native, id=17012, stack(0x000000fda1700000,0x000000fda1800000)]
  0x000002d84e2dd8f0 JavaThread "RMI TCP Connection(1)-192.168.219.100" daemon [_thread_in_native, id=29488, stack(0x000000fda2000000,0x000000fda2100000)]
  0x000002d84e2c87e0 JavaThread "RMI Scheduler(0)" daemon [_thread_blocked, id=28412, stack(0x000000fda2100000,0x000000fda2200000)]
  0x000002d84f05c010 JavaThread "Catalina-utility-1" [_thread_blocked, id=6272, stack(0x000000fda2200000,0x000000fda2300000)]
  0x000002d84f0441b0 JavaThread "Catalina-utility-2" [_thread_blocked, id=29140, stack(0x000000fda2600000,0x000000fda2700000)]
  0x000002d84ef70fb0 JavaThread "http-nio-8080-exec-1" daemon [_thread_blocked, id=28696, stack(0x000000fda2700000,0x000000fda2800000)]
  0x000002d84ef70080 JavaThread "http-nio-8080-exec-2" daemon [_thread_blocked, id=11544, stack(0x000000fda2800000,0x000000fda2900000)]
  0x000002d84ef73830 JavaThread "http-nio-8080-exec-3" daemon [_thread_blocked, id=10432, stack(0x000000fda2900000,0x000000fda2a00000)]
  0x000002d84ef72e10 JavaThread "http-nio-8080-exec-4" daemon [_thread_blocked, id=34240, stack(0x000000fda2a00000,0x000000fda2b00000)]
  0x000002d84ef70590 JavaThread "http-nio-8080-exec-5" daemon [_thread_blocked, id=31400, stack(0x000000fda2b00000,0x000000fda2c00000)]
  0x000002d84ef73320 JavaThread "http-nio-8080-exec-6" daemon [_thread_blocked, id=4172, stack(0x000000fda2c00000,0x000000fda2d00000)]
  0x000002d84ef70aa0 JavaThread "http-nio-8080-exec-7" daemon [_thread_blocked, id=15432, stack(0x000000fda2d00000,0x000000fda2e00000)]
  0x000002d84ef71ee0 JavaThread "http-nio-8080-exec-8" daemon [_thread_blocked, id=13220, stack(0x000000fda2e00000,0x000000fda2f00000)]
  0x000002d84ef714c0 JavaThread "http-nio-8080-exec-9" daemon [_thread_blocked, id=23116, stack(0x000000fda2f00000,0x000000fda3000000)]
  0x000002d84ef719d0 JavaThread "http-nio-8080-exec-10" daemon [_thread_blocked, id=18436, stack(0x000000fda3000000,0x000000fda3100000)]
  0x000002d84ef723f0 JavaThread "container-0" [_thread_blocked, id=27692, stack(0x000000fda3100000,0x000000fda3200000)]
  0x000002d84ef72900 JavaThread "HikariPool-1 housekeeper" daemon [_thread_blocked, id=2344, stack(0x000000fda3300000,0x000000fda3400000)]
  0x000002d84e5a6750 JavaThread "C1 CompilerThread1" daemon [_thread_blocked, id=15292, stack(0x000000fda1300000,0x000000fda1400000)]

Other Threads:
=>0x000002d87f5824a0 VMThread "VM Thread" [stack: 0x000000fda0900000,0x000000fda0a00000] [id=21236]
  0x000002d870654a90 WatcherThread [stack: 0x000000fda1800000,0x000000fda1900000] [id=25788]
  0x000002d8706c0a80 GCTaskThread "GC Thread#0" [stack: 0x000000fda0400000,0x000000fda0500000] [id=40720]
  0x000002d84dac28b0 GCTaskThread "GC Thread#1" [stack: 0x000000fda1900000,0x000000fda1a00000] [id=12908]
  0x000002d84dac2b70 GCTaskThread "GC Thread#2" [stack: 0x000000fda1a00000,0x000000fda1b00000] [id=32384]
  0x000002d84dafe460 GCTaskThread "GC Thread#3" [stack: 0x000000fda1b00000,0x000000fda1c00000] [id=14260]
  0x000002d84daff3b0 GCTaskThread "GC Thread#4" [stack: 0x000000fda1c00000,0x000000fda1d00000] [id=15032]
  0x000002d84daffaf0 GCTaskThread "GC Thread#5" [stack: 0x000000fda1d00000,0x000000fda1e00000] [id=544]
  0x000002d84db2df10 GCTaskThread "GC Thread#6" [stack: 0x000000fda1e00000,0x000000fda1f00000] [id=40352]
  0x000002d84dc30b00 GCTaskThread "GC Thread#7" [stack: 0x000000fda2300000,0x000000fda2400000] [id=22144]
  0x000002d8706d18e0 ConcurrentGCThread "G1 Main Marker" [stack: 0x000000fda0500000,0x000000fda0600000] [id=27600]
  0x000002d8706d2aa0 ConcurrentGCThread "G1 Conc#0" [stack: 0x000000fda0600000,0x000000fda0700000] [id=30444]
  0x000002d84e8b1f80 ConcurrentGCThread "G1 Conc#1" [stack: 0x000000fda2500000,0x000000fda2600000] [id=9184]
  0x000002d8706fec90 ConcurrentGCThread "G1 Refine#0" [stack: 0x000000fda0700000,0x000000fda0800000] [id=19736]
  0x000002d84db2f470 ConcurrentGCThread "G1 Refine#1" [stack: 0x000000fda1f00000,0x000000fda2000000] [id=32680]
  0x000002d87f43bd20 ConcurrentGCThread "G1 Service" [stack: 0x000000fda0800000,0x000000fda0900000] [id=31908]

Threads with active compile tasks:

VM state: at safepoint (normal execution)

VM Mutex/Monitor currently owned by a thread:  ([mutex/lock_event])
[0x000002d87064e8a0] Threads_lock - owner thread: 0x000002d87f5824a0
[0x000002d87064e6f0] Heap_lock - owner thread: 0x000002d870653c10

Heap address: 0x0000000700e00000, size: 4082 MB, Compressed Oops mode: Zero based, Oop shift amount: 3

CDS archive(s) mapped at: [0x000002d808000000-0x000002d808ba0000-0x000002d808ba0000), size 12189696, SharedBaseAddress: 0x000002d808000000, ArchiveRelocationMode: 1.
Compressed class space mapped at: 0x000002d809000000-0x000002d849000000, reserved size: 1073741824
Narrow klass base: 0x000002d808000000, Narrow klass shift: 0, Narrow klass range: 0x100000000

GC Precious Log:
 CPUs: 8 total, 8 available
 Memory: 16320M
 Large Page Support: Disabled
 NUMA Support: Disabled
 Compressed Oops: Enabled (Zero based)
 Heap Region Size: 2M
 Heap Min Capacity: 8M
 Heap Initial Capacity: 256M
 Heap Max Capacity: 4082M
 Pre-touch: Disabled
 Parallel Workers: 8
 Concurrent Workers: 2
 Concurrent Refinement Workers: 8
 Periodic GC: Disabled

Heap:
 garbage-first heap   total 157696K, used 69706K [0x0000000700e00000, 0x0000000800000000)
  region size 2048K, 1 young (2048K), 1 survivors (2048K)
 Metaspace       used 66187K, committed 66816K, reserved 1114112K
  class space    used 9574K, committed 9856K, reserved 1048576K

Heap Regions: E=young(eden), S=young(survivor), O=old, HS=humongous(starts), HC=humongous(continues), CS=collection set, F=free, OA=open archive, CA=closed archive, TAMS=top-at-mark-start (previous, next)
|   0|0x0000000700e00000, 0x0000000701000000, 0x0000000701000000|100%| O|  |TAMS 0x0000000701000000, 0x0000000700e00000| Untracked 
|   1|0x0000000701000000, 0x0000000701200000, 0x0000000701200000|100%| O|  |TAMS 0x0000000701200000, 0x0000000701000000| Untracked 
|   2|0x0000000701200000, 0x0000000701400000, 0x0000000701400000|100%| O|  |TAMS 0x0000000701400000, 0x0000000701200000| Untracked 
|   3|0x0000000701400000, 0x0000000701600000, 0x0000000701600000|100%| O|  |TAMS 0x0000000701600000, 0x0000000701400000| Untracked 
|   4|0x0000000701600000, 0x0000000701800000, 0x0000000701800000|100%| O|  |TAMS 0x0000000701800000, 0x0000000701600000| Untracked 
|   5|0x0000000701800000, 0x0000000701a00000, 0x0000000701a00000|100%| O|  |TAMS 0x0000000701a00000, 0x0000000701800000| Untracked 
|   6|0x0000000701a00000, 0x0000000701c00000, 0x0000000701c00000|100%| O|  |TAMS 0x0000000701c00000, 0x0000000701a00000| Untracked 
|   7|0x0000000701c00000, 0x0000000701e00000, 0x0000000701e00000|100%| O|  |TAMS 0x0000000701e00000, 0x0000000701c00000| Untracked 
|   8|0x0000000701e00000, 0x0000000702000000, 0x0000000702000000|100%| O|  |TAMS 0x0000000702000000, 0x0000000701e00000| Untracked 
|   9|0x0000000702000000, 0x0000000702200000, 0x0000000702200000|100%| O|  |TAMS 0x0000000702200000, 0x0000000702000000| Untracked 
|  10|0x0000000702200000, 0x0000000702400000, 0x0000000702400000|100%| O|  |TAMS 0x0000000702400000, 0x0000000702200000| Untracked 
|  11|0x0000000702400000, 0x0000000702600000, 0x0000000702600000|100%| O|  |TAMS 0x0000000702600000, 0x0000000702400000| Untracked 
|  12|0x0000000702600000, 0x0000000702800000, 0x0000000702800000|100%| O|  |TAMS 0x0000000702800000, 0x0000000702600000| Updating 
|  13|0x0000000702800000, 0x0000000702a00000, 0x0000000702a00000|100%| O|  |TAMS 0x0000000702a00000, 0x0000000702800000| Untracked 
|  14|0x0000000702a00000, 0x0000000702c00000, 0x0000000702c00000|100%| O|  |TAMS 0x0000000702c00000, 0x0000000702a00000| Updating 
|  15|0x0000000702c00000, 0x0000000702e00000, 0x0000000702e00000|100%| O|  |TAMS 0x0000000702e00000, 0x0000000702c00000| Untracked 
|  16|0x0000000702e00000, 0x0000000703000000, 0x0000000703000000|100%| O|  |TAMS 0x0000000703000000, 0x0000000702e00000| Updating 
|  17|0x0000000703000000, 0x0000000703200000, 0x0000000703200000|100%| O|  |TAMS 0x0000000703200000, 0x0000000703000000| Updating 
|  18|0x0000000703200000, 0x0000000703400000, 0x0000000703400000|100%| O|  |TAMS 0x0000000703400000, 0x0000000703200000| Updating 
|  19|0x0000000703400000, 0x0000000703600000, 0x0000000703600000|100%| O|  |TAMS 0x0000000703600000, 0x0000000703400000| Updating 
|  20|0x0000000703600000, 0x0000000703800000, 0x0000000703800000|100%| O|  |TAMS 0x0000000703800000, 0x0000000703600000| Updating 
|  21|0x0000000703800000, 0x0000000703a00000, 0x0000000703a00000|100%| O|  |TAMS 0x0000000703a00000, 0x0000000703800000| Updating 
|  22|0x0000000703a00000, 0x0000000703c00000, 0x0000000703c00000|100%| O|  |TAMS 0x0000000703c00000, 0x0000000703a00000| Updating 
|  23|0x0000000703c00000, 0x0000000703e00000, 0x0000000703e00000|100%| O|  |TAMS 0x0000000703e00000, 0x0000000703c00000| Updating 
|  24|0x0000000703e00000, 0x0000000703f87c00, 0x0000000704000000| 76%| O|  |TAMS 0x0000000703e00000, 0x0000000703e00000| Untracked 
|  25|0x0000000704000000, 0x0000000704000000, 0x0000000704200000|  0%| F|  |TAMS 0x0000000704000000, 0x0000000704000000| Untracked 
|  26|0x0000000704200000, 0x0000000704400000, 0x0000000704400000|100%| O|  |TAMS 0x0000000704400000, 0x0000000704200000| Updating 
|  27|0x0000000704400000, 0x0000000704600000, 0x0000000704600000|100%| O|  |TAMS 0x0000000704600000, 0x0000000704400000| Updating 
|  28|0x0000000704600000, 0x0000000704800000, 0x0000000704800000|100%| O|  |TAMS 0x0000000704800000, 0x0000000704600000| Updating 
|  29|0x0000000704800000, 0x0000000704a00000, 0x0000000704a00000|100%| O|  |TAMS 0x0000000704a00000, 0x0000000704800000| Updating 
|  30|0x0000000704a00000, 0x0000000704c00000, 0x0000000704c00000|100%| O|  |TAMS 0x0000000704c00000, 0x0000000704a00000| Updating 
|  31|0x0000000704c00000, 0x0000000704e00000, 0x0000000704e00000|100%| O|  |TAMS 0x0000000704c66e00, 0x0000000704c00000| Updating 
|  32|0x0000000704e00000, 0x0000000705000000, 0x0000000705000000|100%| O|  |TAMS 0x0000000704e00000, 0x0000000704e00000| Untracked 
|  33|0x0000000705000000, 0x0000000705200000, 0x0000000705200000|100%| O|  |TAMS 0x0000000705000000, 0x0000000705000000| Untracked 
|  34|0x0000000705200000, 0x0000000705400000, 0x0000000705400000|100%| O|  |TAMS 0x0000000705200000, 0x0000000705200000| Updating 
|  35|0x0000000705400000, 0x0000000705400000, 0x0000000705600000|  0%| F|  |TAMS 0x0000000705400000, 0x0000000705400000| Untracked 
|  36|0x0000000705600000, 0x0000000705600000, 0x0000000705800000|  0%| F|  |TAMS 0x0000000705600000, 0x0000000705600000| Untracked 
|  37|0x0000000705800000, 0x0000000705800000, 0x0000000705a00000|  0%| F|  |TAMS 0x0000000705800000, 0x0000000705800000| Untracked 
|  38|0x0000000705a00000, 0x0000000705a00000, 0x0000000705c00000|  0%| F|  |TAMS 0x0000000705a00000, 0x0000000705a00000| Untracked 
|  39|0x0000000705c00000, 0x0000000705c00000, 0x0000000705e00000|  0%| F|  |TAMS 0x0000000705c00000, 0x0000000705c00000| Untracked 
|  40|0x0000000705e00000, 0x0000000705e00000, 0x0000000706000000|  0%| F|  |TAMS 0x0000000705e00000, 0x0000000705e00000| Untracked 
|  41|0x0000000706000000, 0x0000000706000000, 0x0000000706200000|  0%| F|  |TAMS 0x0000000706000000, 0x0000000706000000| Untracked 
|  42|0x0000000706200000, 0x0000000706200000, 0x0000000706400000|  0%| F|  |TAMS 0x0000000706200000, 0x0000000706200000| Untracked 
|  43|0x0000000706400000, 0x0000000706400000, 0x0000000706600000|  0%| F|  |TAMS 0x0000000706400000, 0x0000000706400000| Untracked 
|  44|0x0000000706600000, 0x0000000706600000, 0x0000000706800000|  0%| F|  |TAMS 0x0000000706600000, 0x0000000706600000| Untracked 
|  45|0x0000000706800000, 0x0000000706800000, 0x0000000706a00000|  0%| F|  |TAMS 0x0000000706800000, 0x0000000706800000| Untracked 
|  46|0x0000000706a00000, 0x0000000706a00000, 0x0000000706c00000|  0%| F|  |TAMS 0x0000000706a00000, 0x0000000706a00000| Untracked 
|  47|0x0000000706c00000, 0x0000000706c00000, 0x0000000706e00000|  0%| F|  |TAMS 0x0000000706c00000, 0x0000000706c00000| Untracked 
|  48|0x0000000706e00000, 0x0000000706e00000, 0x0000000707000000|  0%| F|  |TAMS 0x0000000706e00000, 0x0000000706e00000| Untracked 
|  49|0x0000000707000000, 0x0000000707000000, 0x0000000707200000|  0%| F|  |TAMS 0x0000000707000000, 0x0000000707000000| Untracked 
|  50|0x0000000707200000, 0x0000000707200000, 0x0000000707400000|  0%| F|  |TAMS 0x0000000707200000, 0x0000000707200000| Untracked 
|  51|0x0000000707400000, 0x0000000707400000, 0x0000000707600000|  0%| F|  |TAMS 0x0000000707400000, 0x0000000707400000| Untracked 
|  52|0x0000000707600000, 0x0000000707600000, 0x0000000707800000|  0%| F|  |TAMS 0x0000000707600000, 0x0000000707600000| Untracked 
|  53|0x0000000707800000, 0x0000000707800000, 0x0000000707a00000|  0%| F|  |TAMS 0x0000000707800000, 0x0000000707800000| Untracked 
|  54|0x0000000707a00000, 0x0000000707a00000, 0x0000000707c00000|  0%| F|  |TAMS 0x0000000707a00000, 0x0000000707a00000| Untracked 
|  55|0x0000000707c00000, 0x0000000707c00000, 0x0000000707e00000|  0%| F|  |TAMS 0x0000000707c00000, 0x0000000707c00000| Untracked 
|  56|0x0000000707e00000, 0x0000000707e00000, 0x0000000708000000|  0%| F|  |TAMS 0x0000000707e00000, 0x0000000707e00000| Untracked 
|  57|0x0000000708000000, 0x0000000708000000, 0x0000000708200000|  0%| F|  |TAMS 0x0000000708000000, 0x0000000708000000| Untracked 
|  58|0x0000000708200000, 0x0000000708200000, 0x0000000708400000|  0%| F|  |TAMS 0x0000000708200000, 0x0000000708200000| Untracked 
|  59|0x0000000708400000, 0x0000000708400000, 0x0000000708600000|  0%| F|  |TAMS 0x0000000708400000, 0x0000000708400000| Untracked 
|  60|0x0000000708600000, 0x0000000708600000, 0x0000000708800000|  0%| F|  |TAMS 0x0000000708600000, 0x0000000708600000| Untracked 
|  61|0x0000000708800000, 0x0000000708800000, 0x0000000708a00000|  0%| F|  |TAMS 0x0000000708800000, 0x0000000708800000| Untracked 
|  62|0x0000000708a00000, 0x0000000708a00000, 0x0000000708c00000|  0%| F|  |TAMS 0x0000000708a00000, 0x0000000708a00000| Untracked 
|  63|0x0000000708c00000, 0x0000000708c00000, 0x0000000708e00000|  0%| F|  |TAMS 0x0000000708c00000, 0x0000000708c00000| Untracked 
|  64|0x0000000708e00000, 0x0000000708e00000, 0x0000000709000000|  0%| F|  |TAMS 0x0000000708e00000, 0x0000000708e00000| Untracked 
|  65|0x0000000709000000, 0x0000000709000000, 0x0000000709200000|  0%| F|  |TAMS 0x0000000709000000, 0x0000000709000000| Untracked 
|  66|0x0000000709200000, 0x0000000709200000, 0x0000000709400000|  0%| F|  |TAMS 0x0000000709200000, 0x0000000709200000| Untracked 
|  67|0x0000000709400000, 0x0000000709400000, 0x0000000709600000|  0%| F|  |TAMS 0x0000000709400000, 0x0000000709400000| Untracked 
|  68|0x0000000709600000, 0x0000000709600000, 0x0000000709800000|  0%| F|  |TAMS 0x0000000709600000, 0x0000000709600000| Untracked 
|  69|0x0000000709800000, 0x0000000709800000, 0x0000000709a00000|  0%| F|  |TAMS 0x0000000709800000, 0x0000000709800000| Untracked 
|  70|0x0000000709a00000, 0x0000000709a00000, 0x0000000709c00000|  0%| F|  |TAMS 0x0000000709a00000, 0x0000000709a00000| Untracked 
|  71|0x0000000709c00000, 0x0000000709c00000, 0x0000000709e00000|  0%| F|  |TAMS 0x0000000709c00000, 0x0000000709c00000| Untracked 
|  72|0x0000000709e00000, 0x0000000709e00000, 0x000000070a000000|  0%| F|  |TAMS 0x0000000709e00000, 0x0000000709e00000| Untracked 
|  73|0x000000070a000000, 0x000000070a000000, 0x000000070a200000|  0%| F|  |TAMS 0x000000070a000000, 0x000000070a000000| Untracked 
|  74|0x000000070a200000, 0x000000070a28aea8, 0x000000070a400000| 27%| S|CS|TAMS 0x000000070a200000, 0x000000070a200000| Complete 
| 121|0x0000000710000000, 0x0000000710000000, 0x0000000710200000|  0%| F|  |TAMS 0x0000000710000000, 0x0000000710000000| Untracked 
| 127|0x0000000710c00000, 0x0000000710c00000, 0x0000000710e00000|  0%| F|  |TAMS 0x0000000710c00000, 0x0000000710c00000| Untracked 

Card table byte_map: [0x000002d87ba60000,0x000002d87c260000] _byte_map_base: 0x000002d878259000

Marking Bits (Prev, Next): (CMBitMap*) 0x000002d8706c10a0, (CMBitMap*) 0x000002d8706c10e0
 Prev Bits: [0x000002d800000000, 0x000002d803fc8000)
 Next Bits: [0x000002d803fd0000, 0x000002d807f98000)

Polling page: 0x000002d86fe00000

Metaspace:

Usage:
  Non-class:     55.29 MB used.
      Class:      9.35 MB used.
       Both:     64.64 MB used.

Virtual space:
  Non-class space:       64.00 MB reserved,      55.62 MB ( 87%) committed,  1 nodes.
      Class space:        1.00 GB reserved,       9.62 MB ( <1%) committed,  1 nodes.
             Both:        1.06 GB reserved,      65.25 MB (  6%) committed. 

Chunk freelists:
   Non-Class:  8.00 MB
       Class:  6.34 MB
        Both:  14.34 MB

MaxMetaspaceSize: unlimited
CompressedClassSpaceSize: 1.00 GB
Initial GC threshold: 21.00 MB
Current GC threshold: 108.75 MB
CDS: on
MetaspaceReclaimPolicy: balanced
 - commit_granule_bytes: 65536.
 - commit_granule_words: 8192.
 - virtual_space_node_default_size: 8388608.
 - enlarge_chunks_in_place: 1.
 - new_chunks_are_fully_committed: 0.
 - uncommit_free_chunks: 1.
 - use_allocation_guard: 0.
 - handle_deallocations: 1.


Internal statistics:

num_allocs_failed_limit: 11.
num_arena_births: 814.
num_arena_deaths: 0.
num_vsnodes_births: 2.
num_vsnodes_deaths: 0.
num_space_committed: 1044.
num_space_uncommitted: 0.
num_chunks_returned_to_freelist: 11.
num_chunks_taken_from_freelist: 3284.
num_chunk_merges: 11.
num_chunk_splits: 2394.
num_chunks_enlarged: 1856.
num_inconsistent_stats: 0.

CodeCache: size=49152Kb used=11582Kb max_used=11582Kb free=37569Kb
 bounds [0x000002d878150000, 0x000002d878ca0000, 0x000002d87b150000]
 total_blobs=6437 nmethods=5786 adapters=576
 compilation: enabled
              stopped_count=0, restarted_count=0
 full_count=0

Compilation events (20 events):
Event: 12.839 Thread 0x000002d84d0e15b0 nmethod 5773 0x000002d878c98790 code [0x000002d878c98920, 0x000002d878c98a98]
Event: 12.839 Thread 0x000002d84d0e15b0 5774       1       java.util.Formatter::format (11 bytes)
Event: 12.839 Thread 0x000002d84d0e15b0 nmethod 5774 0x000002d878c98b10 code [0x000002d878c98ca0, 0x000002d878c98d88]
Event: 12.839 Thread 0x000002d84d0e15b0 5778       1       java.util.Formatter::<init> (18 bytes)
Event: 12.840 Thread 0x000002d84d0e15b0 nmethod 5778 0x000002d878c98e10 code [0x000002d878c98fc0, 0x000002d878c99218]
Event: 12.840 Thread 0x000002d84d0e15b0 5779       1       java.lang.String::format (16 bytes)
Event: 12.840 Thread 0x000002d84d0e15b0 nmethod 5779 0x000002d878c99310 code [0x000002d878c99500, 0x000002d878c99888]
Event: 12.840 Thread 0x000002d84d0e15b0 5780       1       java.util.concurrent.locks.AbstractQueuedSynchronizer::acquire (20 bytes)
Event: 12.840 Thread 0x000002d84d0e15b0 nmethod 5780 0x000002d878c9bc10 code [0x000002d878c9bdc0, 0x000002d878c9bf18]
Event: 12.840 Thread 0x000002d84e5a6750 nmethod 5776 0x000002d878c99a90 code [0x000002d878c99dc0, 0x000002d878c9b0e8]
Event: 12.844 Thread 0x000002d84d0e15b0 5782       1       java.lang.invoke.VarHandleInts$FieldInstanceReadWrite::compareAndSet (32 bytes)
Event: 12.844 Thread 0x000002d84e5a6750 5781       1       java.lang.invoke.VarHandleGuards::guard_LII_Z (86 bytes)
Event: 12.845 Thread 0x000002d84d0e15b0 nmethod 5782 0x000002d878c9c010 code [0x000002d878c9c1c0, 0x000002d878c9c488]
Event: 12.845 Thread 0x000002d84d0e15b0 5783       1       java.util.concurrent.FutureTask::finishCompletion (71 bytes)
Event: 12.845 Thread 0x000002d84d0e15b0 nmethod 5783 0x000002d878c9c910 code [0x000002d878c9cb00, 0x000002d878c9d068]
Event: 12.845 Thread 0x000002d84d0e15b0 5784       1       java.util.concurrent.FutureTask::done (1 bytes)
Event: 12.845 Thread 0x000002d84d0e15b0 nmethod 5784 0x000002d878c9d310 code [0x000002d878c9d4a0, 0x000002d878c9d558]
Event: 12.846 Thread 0x000002d84e5a6750 nmethod 5781 0x000002d878c9d610 code [0x000002d878c9d8a0, 0x000002d878c9e428]
Event: 12.849 Thread 0x000002d84e5a6750 5786       1       org.springframework.core.BridgeMethodResolver::searchCandidates (115 bytes)
Event: 12.850 Thread 0x000002d84e5a6750 nmethod 5786 0x000002d878c9ea90 code [0x000002d878c9ed60, 0x000002d878c9f558]

GC Heap History (20 events):
Event: 4.482 GC heap after
{Heap after GC invocations=13 (full 0):
 garbage-first heap   total 90112K, used 24458K [0x0000000700e00000, 0x0000000800000000)
  region size 2048K, 1 young (2048K), 1 survivors (2048K)
 Metaspace       used 43582K, committed 44096K, reserved 1114112K
  class space    used 6222K, committed 6464K, reserved 1048576K
}
Event: 5.218 GC heap before
{Heap before GC invocations=13 (full 0):
 garbage-first heap   total 90112K, used 67466K [0x0000000700e00000, 0x0000000800000000)
  region size 2048K, 22 young (45056K), 1 survivors (2048K)
 Metaspace       used 53790K, committed 54272K, reserved 1114112K
  class space    used 7693K, committed 7936K, reserved 1048576K
}
Event: 5.221 GC heap after
{Heap after GC invocations=14 (full 0):
 garbage-first heap   total 90112K, used 27063K [0x0000000700e00000, 0x0000000800000000)
  region size 2048K, 2 young (4096K), 2 survivors (4096K)
 Metaspace       used 53790K, committed 54272K, reserved 1114112K
  class space    used 7693K, committed 7936K, reserved 1048576K
}
Event: 5.750 GC heap before
{Heap before GC invocations=14 (full 0):
 garbage-first heap   total 90112K, used 61879K [0x0000000700e00000, 0x0000000800000000)
  region size 2048K, 20 young (40960K), 2 survivors (4096K)
 Metaspace       used 59802K, committed 60288K, reserved 1114112K
  class space    used 8591K, committed 8832K, reserved 1048576K
}
Event: 5.754 GC heap after
{Heap after GC invocations=15 (full 0):
 garbage-first heap   total 90112K, used 29005K [0x0000000700e00000, 0x0000000800000000)
  region size 2048K, 3 young (6144K), 3 survivors (6144K)
 Metaspace       used 59802K, committed 60288K, reserved 1114112K
  class space    used 8591K, committed 8832K, reserved 1048576K
}
Event: 12.054 GC heap before
{Heap before GC invocations=16 (full 0):
 garbage-first heap   total 90112K, used 69965K [0x0000000700e00000, 0x0000000800000000)
  region size 2048K, 23 young (47104K), 3 survivors (6144K)
 Metaspace       used 64061K, committed 64640K, reserved 1114112K
  class space    used 9301K, committed 9600K, reserved 1048576K
}
Event: 12.058 GC heap after
{Heap after GC invocations=17 (full 0):
 garbage-first heap   total 90112K, used 31817K [0x0000000700e00000, 0x0000000800000000)
  region size 2048K, 3 young (6144K), 3 survivors (6144K)
 Metaspace       used 64061K, committed 64640K, reserved 1114112K
  class space    used 9301K, committed 9600K, reserved 1048576K
}
Event: 12.396 GC heap before
{Heap before GC invocations=17 (full 0):
 garbage-first heap   total 90112K, used 66633K [0x0000000700e00000, 0x0000000800000000)
  region size 2048K, 21 young (43008K), 3 survivors (6144K)
 Metaspace       used 66084K, committed 66688K, reserved 1114112K
  class space    used 9559K, committed 9856K, reserved 1048576K
}
Event: 12.401 GC heap after
{Heap after GC invocations=18 (full 0):
 garbage-first heap   total 90112K, used 35902K [0x0000000700e00000, 0x0000000800000000)
  region size 2048K, 3 young (6144K), 3 survivors (6144K)
 Metaspace       used 66084K, committed 66688K, reserved 1114112K
  class space    used 9559K, committed 9856K, reserved 1048576K
}
Event: 12.475 GC heap before
{Heap before GC invocations=18 (full 0):
 garbage-first heap   total 90112K, used 66622K [0x0000000700e00000, 0x0000000800000000)
  region size 2048K, 19 young (38912K), 3 survivors (6144K)
 Metaspace       used 66097K, committed 66688K, reserved 1114112K
  class space    used 9561K, committed 9856K, reserved 1048576K
}
Event: 12.481 GC heap after
{Heap after GC invocations=19 (full 0):
 garbage-first heap   total 90112K, used 43051K [0x0000000700e00000, 0x0000000800000000)
  region size 2048K, 3 young (6144K), 3 survivors (6144K)
 Metaspace       used 66097K, committed 66688K, reserved 1114112K
  class space    used 9561K, committed 9856K, reserved 1048576K
}
Event: 12.553 GC heap before
{Heap before GC invocations=19 (full 0):
 garbage-first heap   total 90112K, used 65579K [0x0000000700e00000, 0x0000000800000000)
  region size 2048K, 15 young (30720K), 3 survivors (6144K)
 Metaspace       used 66178K, committed 66752K, reserved 1114112K
  class space    used 9572K, committed 9856K, reserved 1048576K
}
Event: 12.557 GC heap after
{Heap after GC invocations=20 (full 0):
 garbage-first heap   total 131072K, used 49838K [0x0000000700e00000, 0x0000000800000000)
  region size 2048K, 2 young (4096K), 2 survivors (4096K)
 Metaspace       used 66178K, committed 66752K, reserved 1114112K
  class space    used 9572K, committed 9856K, reserved 1048576K
}
Event: 12.660 GC heap before
{Heap before GC invocations=20 (full 0):
 garbage-first heap   total 131072K, used 88750K [0x0000000700e00000, 0x0000000800000000)
  region size 2048K, 21 young (43008K), 2 survivors (4096K)
 Metaspace       used 66178K, committed 66752K, reserved 1114112K
  class space    used 9572K, committed 9856K, reserved 1048576K
}
Event: 12.666 GC heap after
{Heap after GC invocations=21 (full 0):
 garbage-first heap   total 131072K, used 61263K [0x0000000700e00000, 0x0000000800000000)
  region size 2048K, 3 young (6144K), 3 survivors (6144K)
 Metaspace       used 66178K, committed 66752K, reserved 1114112K
  class space    used 9572K, committed 9856K, reserved 1048576K
}
Event: 12.718 GC heap before
{Heap before GC invocations=21 (full 0):
 garbage-first heap   total 131072K, used 91983K [0x0000000700e00000, 0x0000000800000000)
  region size 2048K, 19 young (38912K), 3 survivors (6144K)
 Metaspace       used 66178K, committed 66752K, reserved 1114112K
  class space    used 9572K, committed 9856K, reserved 1048576K
}
Event: 12.723 GC heap after
{Heap after GC invocations=22 (full 0):
 garbage-first heap   total 131072K, used 70043K [0x0000000700e00000, 0x0000000800000000)
  region size 2048K, 3 young (6144K), 3 survivors (6144K)
 Metaspace       used 66178K, committed 66752K, reserved 1114112K
  class space    used 9572K, committed 9856K, reserved 1048576K
}
Event: 12.779 GC heap before
{Heap before GC invocations=22 (full 0):
 garbage-first heap   total 131072K, used 92571K [0x0000000700e00000, 0x0000000800000000)
  region size 2048K, 15 young (30720K), 3 survivors (6144K)
 Metaspace       used 66186K, committed 66816K, reserved 1114112K
  class space    used 9573K, committed 9856K, reserved 1048576K
}
Event: 12.783 GC heap after
{Heap after GC invocations=23 (full 0):
 garbage-first heap   total 131072K, used 75342K [0x0000000700e00000, 0x0000000800000000)
  region size 2048K, 2 young (4096K), 2 survivors (4096K)
 Metaspace       used 66186K, committed 66816K, reserved 1114112K
  class space    used 9573K, committed 9856K, reserved 1048576K
}
Event: 12.853 GC heap before
{Heap before GC invocations=23 (full 0):
 garbage-first heap   total 157696K, used 91726K [0x0000000700e00000, 0x0000000800000000)
  region size 2048K, 13 young (26624K), 2 survivors (4096K)
 Metaspace       used 66187K, committed 66816K, reserved 1114112K
  class space    used 9574K, committed 9856K, reserved 1048576K
}

Dll operation events (13 events):
Event: 0.018 Loaded shared library C:\Users\SCY\.jdks\corretto-17.0.9\bin\java.dll
Event: 0.039 Loaded shared library C:\Users\SCY\.jdks\corretto-17.0.9\bin\jsvml.dll
Event: 0.181 Loaded shared library C:\Users\SCY\.jdks\corretto-17.0.9\bin\zip.dll
Event: 0.186 Loaded shared library C:\Users\SCY\.jdks\corretto-17.0.9\bin\instrument.dll
Event: 0.191 Loaded shared library C:\Users\SCY\.jdks\corretto-17.0.9\bin\net.dll
Event: 0.194 Loaded shared library C:\Users\SCY\.jdks\corretto-17.0.9\bin\nio.dll
Event: 0.199 Loaded shared library C:\Users\SCY\.jdks\corretto-17.0.9\bin\zip.dll
Event: 0.289 Loaded shared library C:\Program Files\JetBrains\IntelliJ IDEA 2023.3.3\bin\breakgen64.dll
Event: 0.293 Loaded shared library C:\Users\SCY\.jdks\corretto-17.0.9\bin\jimage.dll
Event: 0.312 Loaded shared library C:\Users\SCY\.jdks\corretto-17.0.9\bin\management.dll
Event: 0.320 Loaded shared library C:\Users\SCY\.jdks\corretto-17.0.9\bin\management_ext.dll
Event: 1.834 Loaded shared library C:\Users\SCY\.jdks\corretto-17.0.9\bin\sunmscapi.dll
Event: 4.152 Loaded shared library C:\Users\SCY\.jdks\corretto-17.0.9\bin\verify.dll

Deoptimization events (16 events):
Event: 1.373 Thread 0x000002d870653c10 DEOPT PACKING pc=0x000002d8786646f9 sp=0x000000fda03fd2d0
Event: 1.373 Thread 0x000002d870653c10 DEOPT UNPACKING pc=0x000002d8781a7143 sp=0x000000fda03fc7b0 mode 3
Event: 1.625 Thread 0x000002d870653c10 DEOPT PACKING pc=0x000002d8786accd5 sp=0x000000fda03fd8f0
Event: 1.625 Thread 0x000002d870653c10 DEOPT UNPACKING pc=0x000002d8781a7143 sp=0x000000fda03fcd98 mode 3
Event: 3.092 Thread 0x000002d870653c10 DEOPT PACKING pc=0x000002d8789fe50a sp=0x000000fda03fdbd0
Event: 3.092 Thread 0x000002d870653c10 DEOPT UNPACKING pc=0x000002d8781a7143 sp=0x000000fda03fd168 mode 0
Event: 3.750 Thread 0x000002d870653c10 DEOPT PACKING pc=0x000002d878aa22a5 sp=0x000000fda03fc590
Event: 3.750 Thread 0x000002d870653c10 DEOPT UNPACKING pc=0x000002d8781a7143 sp=0x000000fda03fbaf8 mode 3
Event: 5.819 Thread 0x000002d870653c10 DEOPT PACKING pc=0x000002d878692bd4 sp=0x000000fda03fcee0
Event: 5.819 Thread 0x000002d870653c10 DEOPT UNPACKING pc=0x000002d8781a7143 sp=0x000000fda03fc438 mode 0
Event: 5.954 Thread 0x000002d870653c10 DEOPT PACKING pc=0x000002d8786a2fd2 sp=0x000000fda03fcef0
Event: 5.954 Thread 0x000002d870653c10 DEOPT UNPACKING pc=0x000002d8781a7143 sp=0x000000fda03fc3f8 mode 3
Event: 5.955 Thread 0x000002d870653c10 DEOPT PACKING pc=0x000002d878696cd5 sp=0x000000fda03fceb0
Event: 5.955 Thread 0x000002d870653c10 DEOPT UNPACKING pc=0x000002d8781a7143 sp=0x000000fda03fc3f8 mode 3
Event: 12.359 Thread 0x000002d870653c10 DEOPT PACKING pc=0x000002d87874ba13 sp=0x000000fda03fcfc0
Event: 12.359 Thread 0x000002d870653c10 DEOPT UNPACKING pc=0x000002d8781a7143 sp=0x000000fda03fc508 mode 3

Classes unloaded (0 events):
No events

Classes redefined (0 events):
No events

Internal exceptions (20 events):
Event: 12.748 Thread 0x000002d84f4ae1c0 Exception <a 'sun/nio/fs/WindowsException'{0x00000007100d8e50}> (0x00000007100d8e50) 
thrown [s\src\hotspot\share\prims\jni.cpp, line 516]
Event: 12.748 Thread 0x000002d84f4af600 Exception <a 'sun/nio/fs/WindowsException'{0x00000007100e0e50}> (0x00000007100e0e50) 
thrown [s\src\hotspot\share\prims\jni.cpp, line 516]
Event: 12.748 Thread 0x000002d84f4ae1c0 Exception <a 'sun/nio/fs/WindowsException'{0x00000007100d9150}> (0x00000007100d9150) 
thrown [s\src\hotspot\share\prims\jni.cpp, line 516]
Event: 12.749 Thread 0x000002d84f4af600 Exception <a 'sun/nio/fs/WindowsException'{0x00000007100e1140}> (0x00000007100e1140) 
thrown [s\src\hotspot\share\prims\jni.cpp, line 516]
Event: 12.749 Thread 0x000002d84f4ae1c0 Exception <a 'sun/nio/fs/WindowsException'{0x0000000710113298}> (0x0000000710113298) 
thrown [s\src\hotspot\share\prims\jni.cpp, line 516]
Event: 12.749 Thread 0x000002d84f4af600 Exception <a 'sun/nio/fs/WindowsException'{0x000000071011b2c0}> (0x000000071011b2c0) 
thrown [s\src\hotspot\share\prims\jni.cpp, line 516]
Event: 12.749 Thread 0x000002d84f4ae1c0 Exception <a 'sun/nio/fs/WindowsException'{0x00000007101135b0}> (0x00000007101135b0) 
thrown [s\src\hotspot\share\prims\jni.cpp, line 516]
Event: 12.749 Thread 0x000002d84f4af600 Exception <a 'sun/nio/fs/WindowsException'{0x000000071011b5c0}> (0x000000071011b5c0) 
thrown [s\src\hotspot\share\prims\jni.cpp, line 516]
Event: 12.749 Thread 0x000002d84f4ae1c0 Exception <a 'sun/nio/fs/WindowsException'{0x0000000710113f28}> (0x0000000710113f28) 
thrown [s\src\hotspot\share\prims\jni.cpp, line 516]
Event: 12.749 Thread 0x000002d84f4af600 Exception <a 'sun/nio/fs/WindowsException'{0x000000071011bf28}> (0x000000071011bf28) 
thrown [s\src\hotspot\share\prims\jni.cpp, line 516]
Event: 12.749 Thread 0x000002d84f4ae1c0 Exception <a 'sun/nio/fs/WindowsException'{0x0000000710114258}> (0x0000000710114258) 
thrown [s\src\hotspot\share\prims\jni.cpp, line 516]
Event: 12.749 Thread 0x000002d84f4af600 Exception <a 'sun/nio/fs/WindowsException'{0x000000071011c248}> (0x000000071011c248) 
thrown [s\src\hotspot\share\prims\jni.cpp, line 516]
Event: 12.749 Thread 0x000002d84f4ae1c0 Exception <a 'sun/nio/fs/WindowsException'{0x0000000710114be8}> (0x0000000710114be8) 
thrown [s\src\hotspot\share\prims\jni.cpp, line 516]
Event: 12.749 Thread 0x000002d84f4af600 Exception <a 'sun/nio/fs/WindowsException'{0x000000071011cbc0}> (0x000000071011cbc0) 
thrown [s\src\hotspot\share\prims\jni.cpp, line 516]
Event: 12.749 Thread 0x000002d84f4ae1c0 Exception <a 'sun/nio/fs/WindowsException'{0x0000000710114f38}> (0x0000000710114f38) 
thrown [s\src\hotspot\share\prims\jni.cpp, line 516]
Event: 12.749 Thread 0x000002d84f4af600 Exception <a 'sun/nio/fs/WindowsException'{0x000000071011cef0}> (0x000000071011cef0) 
thrown [s\src\hotspot\share\prims\jni.cpp, line 516]
Event: 12.749 Thread 0x000002d84f4ae1c0 Exception <a 'sun/nio/fs/WindowsException'{0x00000007101158b0}> (0x00000007101158b0) 
thrown [s\src\hotspot\share\prims\jni.cpp, line 516]
Event: 12.749 Thread 0x000002d84f4ae1c0 Exception <a 'sun/nio/fs/WindowsException'{0x0000000710115bf8}> (0x0000000710115bf8) 
thrown [s\src\hotspot\share\prims\jni.cpp, line 516]
Event: 12.749 Thread 0x000002d84f4af600 Exception <a 'sun/nio/fs/WindowsException'{0x000000071011d860}> (0x000000071011d860) 
thrown [s\src\hotspot\share\prims\jni.cpp, line 516]
Event: 12.749 Thread 0x000002d84f4af600 Exception <a 'sun/nio/fs/WindowsException'{0x000000071011db90}> (0x000000071011db90) 
thrown [s\src\hotspot\share\prims\jni.cpp, line 516]

VM Operations (20 events):
Event: 12.170 Executing VM operation: HandshakeAllThreads done
Event: 12.170 Executing VM operation: HandshakeAllThreads
Event: 12.171 Executing VM operation: HandshakeAllThreads done
Event: 12.396 Executing VM operation: G1CollectForAllocation
Event: 12.402 Executing VM operation: G1CollectForAllocation done
Event: 12.475 Executing VM operation: G1CollectForAllocation
Event: 12.482 Executing VM operation: G1CollectForAllocation done
Event: 12.496 Executing VM operation: HandshakeAllThreads
Event: 12.496 Executing VM operation: HandshakeAllThreads done
Event: 12.552 Executing VM operation: G1CollectForAllocation
Event: 12.557 Executing VM operation: G1CollectForAllocation done
Event: 12.660 Executing VM operation: G1CollectForAllocation
Event: 12.666 Executing VM operation: G1CollectForAllocation done
Event: 12.718 Executing VM operation: G1CollectForAllocation
Event: 12.723 Executing VM operation: G1CollectForAllocation done
Event: 12.779 Executing VM operation: G1CollectForAllocation
Event: 12.783 Executing VM operation: G1CollectForAllocation done
Event: 12.836 Executing VM operation: G1PauseRemark
Event: 12.838 Executing VM operation: G1PauseRemark done
Event: 12.853 Executing VM operation: G1CollectForAllocation

Events (20 events):
Event: 12.840 Thread 0x000002d84f4ae1c0 Thread added: 0x000002d84f4ae1c0
Event: 12.840 Thread 0x000002d84f4b2db0 Thread added: 0x000002d84f4b2db0
Event: 12.840 Thread 0x000002d84f4b0530 Thread added: 0x000002d84f4b0530
Event: 12.841 Thread 0x000002d84f4ad7a0 Thread added: 0x000002d84f4ad7a0
Event: 12.841 Thread 0x000002d84f4b3ce0 Thread added: 0x000002d84f4b3ce0
Event: 12.841 Thread 0x000002d84f4af600 Thread added: 0x000002d84f4af600
Event: 12.844 Thread 0x000002d84f4ad7a0 Thread exited: 0x000002d84f4ad7a0
Event: 12.844 Thread 0x000002d84f4b37d0 Thread exited: 0x000002d84f4b37d0
Event: 12.844 Thread 0x000002d84f4af600 Thread exited: 0x000002d84f4af600
Event: 12.844 Thread 0x000002d84f4b1e80 Thread exited: 0x000002d84f4b1e80
Event: 12.844 Thread 0x000002d84f4b2390 Thread exited: 0x000002d84f4b2390
Event: 12.844 Thread 0x000002d84f4b32c0 Thread exited: 0x000002d84f4b32c0
Event: 12.844 Thread 0x000002d84f4b28a0 Thread exited: 0x000002d84f4b28a0
Event: 12.844 Thread 0x000002d84f4b3ce0 Thread exited: 0x000002d84f4b3ce0
Event: 12.844 Thread 0x000002d84f4b0530 Thread exited: 0x000002d84f4b0530
Event: 12.844 Thread 0x000002d84f4ad290 Thread exited: 0x000002d84f4ad290
Event: 12.844 Thread 0x000002d84f4ae1c0 Thread exited: 0x000002d84f4ae1c0
Event: 12.844 Thread 0x000002d84f4b4700 Thread exited: 0x000002d84f4b4700
Event: 12.844 Thread 0x000002d84f4b2db0 Thread exited: 0x000002d84f4b2db0
Event: 12.844 Thread 0x000002d84f4aebe0 Thread exited: 0x000002d84f4aebe0


Dynamic libraries:
0x00007ff643d10000 - 0x00007ff643d1e000 	C:\Users\SCY\.jdks\corretto-17.0.9\bin\java.exe
0x00007ffae03c0000 - 0x00007ffae05c9000 	C:\WINDOWS\SYSTEM32\ntdll.dll
0x00007ffadfd90000 - 0x00007ffadfe4d000 	C:\WINDOWS\System32\KERNEL32.DLL
0x00007ffaddde0000 - 0x00007ffade164000 	C:\WINDOWS\System32\KERNELBASE.dll
0x00007ffadd9c0000 - 0x00007ffaddad1000 	C:\WINDOWS\System32\ucrtbase.dll
0x00007ffad1710000 - 0x00007ffad172b000 	C:\Users\SCY\.jdks\corretto-17.0.9\bin\VCRUNTIME140.dll
0x00007ffad1800000 - 0x00007ffad1817000 	C:\Users\SCY\.jdks\corretto-17.0.9\bin\jli.dll
0x00007ffadf8f0000 - 0x00007ffadfa9d000 	C:\WINDOWS\System32\USER32.dll
0x00007ffaddcf0000 - 0x00007ffaddd16000 	C:\WINDOWS\System32\win32u.dll
0x00007ffadfe90000 - 0x00007ffadfeba000 	C:\WINDOWS\System32\GDI32.dll
0x00007ffacd610000 - 0x00007ffacd8b5000 	C:\WINDOWS\WinSxS\amd64_microsoft.windows.common-controls_6595b64144ccf1df_6.0.22000.120_none_9d947278b86cc467\COMCTL32.dll
0x00007ffaddae0000 - 0x00007ffaddbfe000 	C:\WINDOWS\System32\gdi32full.dll
0x00007ffadfec0000 - 0x00007ffadff63000 	C:\WINDOWS\System32\msvcrt.dll
0x00007ffade170000 - 0x00007ffade20d000 	C:\WINDOWS\System32\msvcp_win.dll
0x00007ffadfe50000 - 0x00007ffadfe81000 	C:\WINDOWS\System32\IMM32.DLL
0x00007ffad1e70000 - 0x00007ffad1e7c000 	C:\Users\SCY\.jdks\corretto-17.0.9\bin\vcruntime140_1.dll
0x00007ffaaa0d0000 - 0x00007ffaaa15d000 	C:\Users\SCY\.jdks\corretto-17.0.9\bin\msvcp140.dll
0x00007ffa73400000 - 0x00007ffa74061000 	C:\Users\SCY\.jdks\corretto-17.0.9\bin\server\jvm.dll
0x00007ffade8f0000 - 0x00007ffade99e000 	C:\WINDOWS\System32\ADVAPI32.dll
0x00007ffae0270000 - 0x00007ffae030e000 	C:\WINDOWS\System32\sechost.dll
0x00007ffae00c0000 - 0x00007ffae01e1000 	C:\WINDOWS\System32\RPCRT4.dll
0x00007ffad7be0000 - 0x00007ffad7c13000 	C:\WINDOWS\SYSTEM32\WINMM.dll
0x00007ffadcbf0000 - 0x00007ffadcc3d000 	C:\WINDOWS\SYSTEM32\POWRPROF.dll
0x00007ffadad50000 - 0x00007ffadad59000 	C:\WINDOWS\SYSTEM32\WSOCK32.dll
0x00007ffad5540000 - 0x00007ffad554a000 	C:\WINDOWS\SYSTEM32\VERSION.dll
0x00007ffadf690000 - 0x00007ffadf6ff000 	C:\WINDOWS\System32\WS2_32.dll
0x00007ffadcac0000 - 0x00007ffadcad3000 	C:\WINDOWS\SYSTEM32\UMPDC.dll
0x00007ffadc8c0000 - 0x00007ffadc8d8000 	C:\WINDOWS\SYSTEM32\kernel.appcore.dll
0x00007ffad1850000 - 0x00007ffad185a000 	C:\Users\SCY\.jdks\corretto-17.0.9\bin\jimage.dll
0x00007ffad2b00000 - 0x00007ffad2d21000 	C:\WINDOWS\SYSTEM32\DBGHELP.DLL
0x00007ffac4c80000 - 0x00007ffac4cb1000 	C:\WINDOWS\SYSTEM32\dbgcore.DLL
0x00007ffaddc70000 - 0x00007ffaddcef000 	C:\WINDOWS\System32\bcryptPrimitives.dll
0x00007ffad0820000 - 0x00007ffad082e000 	C:\Users\SCY\.jdks\corretto-17.0.9\bin\instrument.dll
0x00007ffabd870000 - 0x00007ffabd895000 	C:\Users\SCY\.jdks\corretto-17.0.9\bin\java.dll
0x00007ffa987b0000 - 0x00007ffa98887000 	C:\Users\SCY\.jdks\corretto-17.0.9\bin\jsvml.dll
0x00007ffade9a0000 - 0x00007ffadf165000 	C:\WINDOWS\System32\SHELL32.dll
0x00007ffadb920000 - 0x00007ffadc182000 	C:\WINDOWS\SYSTEM32\windows.storage.dll
0x00007ffadf170000 - 0x00007ffadf4e6000 	C:\WINDOWS\System32\combase.dll
0x00007ffadb7b0000 - 0x00007ffadb917000 	C:\WINDOWS\SYSTEM32\wintypes.dll
0x00007ffadff70000 - 0x00007ffae005a000 	C:\WINDOWS\System32\SHCORE.dll
0x00007ffae0060000 - 0x00007ffae00bd000 	C:\WINDOWS\System32\shlwapi.dll
0x00007ffadd780000 - 0x00007ffadd7a5000 	C:\WINDOWS\SYSTEM32\profapi.dll
0x00007ffac0970000 - 0x00007ffac0988000 	C:\Users\SCY\.jdks\corretto-17.0.9\bin\zip.dll
0x00007ffaccb20000 - 0x00007ffaccb39000 	C:\Users\SCY\.jdks\corretto-17.0.9\bin\net.dll
0x00007ffad7e10000 - 0x00007ffad7f24000 	C:\WINDOWS\SYSTEM32\WINHTTP.dll
0x00007ffadce60000 - 0x00007ffadcec7000 	C:\WINDOWS\system32\mswsock.dll
0x00007ffac7cc0000 - 0x00007ffac7cd6000 	C:\Users\SCY\.jdks\corretto-17.0.9\bin\nio.dll
0x00007ffad1740000 - 0x00007ffad175a000 	C:\Program Files\JetBrains\IntelliJ IDEA 2023.3.3\bin\breakgen64.dll
0x00007ffadc410000 - 0x00007ffadc4f7000 	C:\WINDOWS\SYSTEM32\DNSAPI.dll
0x00007ffadc3e0000 - 0x00007ffadc40d000 	C:\WINDOWS\SYSTEM32\IPHLPAPI.DLL
0x00007ffadfab0000 - 0x00007ffadfab9000 	C:\WINDOWS\System32\NSI.dll
0x000000006ef30000 - 0x000000006ef56000 	C:\Program Files\Bonjour\mdnsNSP.dll
0x00007ffaceeb0000 - 0x00007ffaceeba000 	C:\Windows\System32\rasadhlp.dll
0x00007ffad55f0000 - 0x00007ffad5671000 	C:\WINDOWS\System32\fwpuclnt.dll
0x00007ffacfc00000 - 0x00007ffacfc09000 	C:\Users\SCY\.jdks\corretto-17.0.9\bin\management.dll
0x00007ffacf9c0000 - 0x00007ffacf9cb000 	C:\Users\SCY\.jdks\corretto-17.0.9\bin\management_ext.dll
0x00007ffae01f0000 - 0x00007ffae01f8000 	C:\WINDOWS\System32\PSAPI.DLL
0x00007ffadd0a0000 - 0x00007ffadd0b8000 	C:\WINDOWS\SYSTEM32\CRYPTSP.dll
0x00007ffadc820000 - 0x00007ffadc855000 	C:\WINDOWS\system32\rsaenh.dll
0x00007ffadcf50000 - 0x00007ffadcf7c000 	C:\WINDOWS\SYSTEM32\USERENV.dll
0x00007ffadd220000 - 0x00007ffadd247000 	C:\WINDOWS\SYSTEM32\bcrypt.dll
0x00007ffadd0c0000 - 0x00007ffadd0cc000 	C:\WINDOWS\SYSTEM32\CRYPTBASE.dll
0x00007ffad7bb0000 - 0x00007ffad7bc9000 	C:\WINDOWS\SYSTEM32\dhcpcsvc6.DLL
0x00007ffad8330000 - 0x00007ffad834e000 	C:\WINDOWS\SYSTEM32\dhcpcsvc.DLL
0x00007ffacc690000 - 0x00007ffacc6a7000 	C:\WINDOWS\system32\napinsp.dll
0x00007ffac0910000 - 0x00007ffac092b000 	C:\WINDOWS\system32\pnrpnsp.dll
0x00007ffac07c0000 - 0x00007ffac07d2000 	C:\WINDOWS\System32\winrnr.dll
0x00007ffad60e0000 - 0x00007ffad60f5000 	C:\WINDOWS\system32\wshbth.dll
0x00007ffac07a0000 - 0x00007ffac07bf000 	C:\WINDOWS\system32\nlansp_c.dll
0x00007ffaceab0000 - 0x00007ffaceabe000 	C:\Users\SCY\.jdks\corretto-17.0.9\bin\sunmscapi.dll
0x00007ffadd850000 - 0x00007ffadd9b2000 	C:\WINDOWS\System32\CRYPT32.dll
0x00007ffadd1f0000 - 0x00007ffadd218000 	C:\WINDOWS\SYSTEM32\ncrypt.dll
0x00007ffadd1b0000 - 0x00007ffadd1e7000 	C:\WINDOWS\SYSTEM32\NTASN1.dll
0x00007ffad1670000 - 0x00007ffad1680000 	C:\Users\SCY\.jdks\corretto-17.0.9\bin\verify.dll
0x00007ffabf760000 - 0x00007ffabf7af000 	C:\WINDOWS\SYSTEM32\pdh.dll
0x00007ffaba3d0000 - 0x00007ffaba3e1000 	C:\WINDOWS\System32\perfproc.dll
0x00007ffad64d0000 - 0x00007ffad64e0000 	C:\WINDOWS\System32\perfos.dll
0x00007ffadafe0000 - 0x00007ffadafee000 	C:\WINDOWS\SYSTEM32\pfclient.dll

dbghelp: loaded successfully - version: 4.0.5 - missing functions: none
symbol engine: initialized successfully - sym options: 0x614 - pdb path: .;C:\Users\SCY\.jdks\corretto-17.0.9\bin;C:\WINDOWS\SYSTEM32;C:\WINDOWS\WinSxS\amd64_microsoft.windows.common-controls_6595b64144ccf1df_6.0.22000.120_none_9d947278b86cc467;C:\Users\SCY\.jdks\corretto-17.0.9\bin\server;C:\Program Files\JetBrains\IntelliJ IDEA 2023.3.3\bin;C:\Program Files\Bonjour

VM Arguments:
jvm_args: -XX:TieredStopAtLevel=1 -Dspring.output.ansi.enabled=always -Dcom.sun.management.jmxremote -Dspring.jmx.enabled=true -Dspring.liveBeansView.mbeanDomain -Dspring.application.admin.enabled=true -Dmanagement.endpoints.jmx.exposure.include=* -javaagent:C:\Program Files\JetBrains\IntelliJ IDEA 2023.3.3\lib\idea_rt.jar=5322:C:\Program Files\JetBrains\IntelliJ IDEA 2023.3.3\bin -Dfile.encoding=UTF-8 
java_command: com.example.cpumonitoring.CpumonitoringApplication
java_class_path (initial): C:\Users\SCY\Desktop\cpumonitoring\cpumonitoring\build\classes\java\main;C:\Users\SCY\Desktop\cpumonitoring\cpumonitoring\build\resources\main;C:\Users\SCY\.gradle\caches\modules-2\files-2.1\org.projectlombok\lombok\1.18.32\17d46b3e205515e1e8efd3ee4d57ce8018914163\lombok-1.18.32.jar;C:\Users\SCY\.gradle\caches\modules-2\files-2.1\org.springframework.boot\spring-boot-starter-actuator\3.3.0\768a4f4e20c529f08e241b3ab5b316ab0567c30\spring-boot-starter-actuator-3.3.0.jar;C:\Users\SCY\.gradle\caches\modules-2\files-2.1\org.springframework.boot\spring-boot-starter-data-jpa\3.3.0\daa6f75f99e68f11f473a5681955764ff4d4b024\spring-boot-starter-data-jpa-3.3.0.jar;C:\Users\SCY\.gradle\caches\modules-2\files-2.1\org.springframework.boot\spring-boot-starter-web\3.3.0\d8f587bc52e6c31dc4f161a49ce8f5e19f8853a9\spring-boot-starter-web-3.3.0.jar;C:\Users\SCY\.gradle\caches\modules-2\files-2.1\org.springframework.boot\spring-boot-starter-validation\3.3.0\567b0ee4be72f0888addbbb52f66979d5e6ecf1\spring-boot-starter-validation-3.3.0.jar;C:\Users\SCY\.gradle\caches\modules-2\files-2.1\org.springdoc\springdoc-openapi-starter-webmvc-ui\2.0.2\264da79c9d4a53feab8c5c6d0e0cb143bd099d4\springdoc-openapi-starter-webmvc-ui-2.0.2.jar;C:\Users\SCY\.gradle\caches\modules-2\files-2.1\org.springframework.boot\spring-boot-starter\3.3.0\1af929e0fcb10c2bfc3f3619f4ca9049bd927b\spring-boot-starter-3.3.0.jar;C:\Users\SCY\.gradle\caches\modules-2\files-2.1\org.springframework.boot\spring-boot-actuator-autoconfigure\3.3.0\993952c505a09c13a7fd996def6dbaf3bc6b06d9\spring-boot-actuator-autoconfigure-3.3.0.jar;C:\Users\SCY\.gradle\caches\modules-2\files-2.1\io.micrometer\micrometer-jakarta9\1.13.0\5d6820df50cba9ef893bf026eacf5a6093945ac7\micrometer-jakarta9-1.13.0.jar;C:\Users\SCY\.gradle\caches\modules-2\files-2.1\io.micrometer\micrometer-observation\1.13.0\5aa75fbb4367dc3b28e557d14535d21335dc8985\micrometer-observation-1.13.0.jar;C:\Users\SCY\.gradle\caches\modules-2\files-2.1\org.sprin
Launcher Type: SUN_STANDARD

[Global flags]
     intx CICompilerCount                          = 4                                         {product} {ergonomic}
     uint ConcGCThreads                            = 2                                         {product} {ergonomic}
     uint G1ConcRefinementThreads                  = 8                                         {product} {ergonomic}
   size_t G1HeapRegionSize                         = 2097152                                   {product} {ergonomic}
    uintx GCDrainStackTargetSize                   = 64                                        {product} {ergonomic}
   size_t InitialHeapSize                          = 268435456                                 {product} {ergonomic}
     bool ManagementServer                         = true                                      {product} {command line}
   size_t MarkStackSize                            = 4194304                                   {product} {ergonomic}
   size_t MaxHeapSize                              = 4280287232                                {product} {ergonomic}
   size_t MaxNewSize                               = 2566914048                                {product} {ergonomic}
   size_t MinHeapDeltaBytes                        = 2097152                                   {product} {ergonomic}
   size_t MinHeapSize                              = 8388608                                   {product} {ergonomic}
    uintx NonProfiledCodeHeapSize                  = 0                                      {pd product} {ergonomic}
     bool ProfileInterpreter                       = false                                  {pd product} {command line}
    uintx ProfiledCodeHeapSize                     = 0                                      {pd product} {ergonomic}
   size_t SoftMaxHeapSize                          = 4280287232                             {manageable} {ergonomic}
     intx TieredStopAtLevel                        = 1                                         {product} {command line}
     bool UseCompressedClassPointers               = true                           {product lp64_product} {ergonomic}
     bool UseCompressedOops                        = true                           {product lp64_product} {ergonomic}
     bool UseG1GC                                  = true                                      {product} {ergonomic}
     bool UseLargePagesIndividualAllocation        = false                                  {pd product} {ergonomic}

Logging:
Log output configuration:
 #0: stdout all=warning uptime,level,tags
 #1: stderr all=off uptime,level,tags

Environment Variables:
PATH=C:\Program Files\Common Files\Oracle\Java\javapath;C:\WINDOWS\system32;C:\WINDOWS;C:\WINDOWS\System32\Wbem;C:\WINDOWS\System32\WindowsPowerShell\v1.0\;C:\WINDOWS\System32\OpenSSH\;C:\Program Files\dotnet\;C:\Program Files (x86)\NVIDIA Corporation\PhysX\Common;C:\Program Files\NVIDIA Corporation\NVIDIA NvDLISR;C:\Program Files\Git\cmd;C:\Users\SCY\AppData\Roaming\nvm;C:\Program Files\nodejs;;C:\Program Files\MySQL\MySQL Server 8.0\bin;;C:\Program Files\Docker\Docker\resources\bin;C:\Program Files\Bandizip\;C:\Program Files\MySQL\MySQL Shell 8.0\bin\;C:\Users\SCY\AppData\Local\Programs\Python\Python310\Scripts\;C:\Users\SCY\AppData\Local\Programs\Python\Python310\;C:\Users\SCY\AppData\Local\Microsoft\WindowsApps;C:\Users\SCY\AppData\Local\Programs\Microsoft VS Code\bin;C:\Users\SCY\AppData\Local\GitHubDesktop\bin;C:\Users\SCY\AppData\Roaming\nvm;C:\Program Files\nodejs;C:\Users\SCY\AppData\Roaming\npm;C:\Program Files\JetBrains\IntelliJ IDEA Educational Edition 2022.2.2\bin;;C:\Program Files\JetBrains\IntelliJ IDEA 2023.3.3\bin;
USERNAME=SCY
OS=Windows_NT
PROCESSOR_IDENTIFIER=Intel64 Family 6 Model 94 Stepping 3, GenuineIntel
TMP=C:\Users\SCY\AppData\Local\Temp
TEMP=C:\Users\SCY\AppData\Local\Temp



Periodic native trim disabled


---------------  S Y S T E M  ---------------

OS:
 Windows 11 , 64 bit Build 22000 (10.0.22000.2538)
OS uptime: 18 days 1:12 hours

CPU: total 8 (initial active 8) (4 cores per cpu, 2 threads per core) family 6 model 94 stepping 3 microcode 0xd6, cx8, cmov, fxsr, ht, mmx, 3dnowpref, sse, sse2, sse3, ssse3, sse4.1, sse4.2, popcnt, lzcnt, tsc, tscinvbit, avx, avx2, aes, erms, clmul, bmi1, bmi2, rtm, adx, fma, vzeroupper, clflush, clflushopt
Processor Information for all 8 processors :
  Max Mhz: 3408, Current Mhz: 3408, Mhz Limit: 3408

Memory: 4k page, system-wide physical 16320M (4215M free)
TotalPageFile size 18368M (AvailPageFile size 27M)
current process WorkingSet (physical memory assigned to process): 292M, peak: 292M
current process commit charge ("private bytes"): 361M, peak: 453M

vm_info: OpenJDK 64-Bit Server VM (17.0.9+8-LTS) for windows-amd64 JRE (17.0.9+8-LTS), built on Oct 12 2023 16:15:33 by "Administrator" with MS VC++ 16.10 / 16.11 (VS2019)

END.
